\BOOKMARK [0][-]{chapter*.2}{\376\377\000F\000o\000r\000e\000w\000a\000r\000d}{}% 1
\BOOKMARK [-1][-]{part.1}{\376\377\000P\000a\000r\000t\000\040\000I\000\040\000\050\000V\000O\000L\000U\000M\000E\000\040\000I\000\051}{}% 2
\BOOKMARK [0][-]{chapter.1}{\376\377\000T\000R\000I\000G\000O\000N\000O\000M\000E\000T\000R\000I\000C\000\040\000S\000E\000R\000I\000E\000S\000\040\000A\000N\000D\000\040\000F\000O\000U\000R\000I\000E\000R\000\040\000S\000E\000R\000I\000E\000S\000.\000\040\000A\000U\000X\000I\000L\000I\000A\000R\000Y\000\040\000R\000E\000S\000U\000L\000T\000S}{part.1}% 3
\BOOKMARK [1][-]{section.1.1}{\376\377\000T\000r\000i\000g\000o\000n\000o\000m\000e\000t\000r\000i\000c\000\040\000s\000e\000r\000i\000e\000s}{chapter.1}% 4
\BOOKMARK [1][-]{section.1.2}{\376\377\000S\000e\000c\000t\000i\000o\000n\000\040\000H\000e\000a\000d\000i\000n\000g}{chapter.1}% 5
\BOOKMARK [1][-]{section.1.3}{\376\377\000S\000e\000c\000t\000i\000o\000n\000\040\000H\000e\000a\000d\000i\000n\000g}{chapter.1}% 6
\BOOKMARK [2][-]{subsection.1.3.1}{\376\377\000S\000u\000b\000s\000e\000c\000t\000i\000o\000n\000\040\000H\000e\000a\000d\000i\000n\000g}{section.1.3}% 7
\BOOKMARK [1][-]{section.1.4}{\376\377\000S\000e\000c\000t\000i\000o\000n\000\040\000H\000e\000a\000d\000i\000n\000g}{chapter.1}% 8
\BOOKMARK [2][-]{subsection.1.4.1}{\376\377\000S\000u\000b\000s\000e\000c\000t\000i\000o\000n\000\040\000H\000e\000a\000d\000i\000n\000g}{section.1.4}% 9
\BOOKMARK [1][-]{section*.9}{\376\377\000A\000p\000p\000e\000n\000d\000i\000x}{chapter.1}% 10
\BOOKMARK [1][-]{section*.10}{\376\377\000P\000r\000o\000b\000l\000e\000m\000s}{chapter.1}% 11
\BOOKMARK [1][-]{section*.11}{\376\377\000R\000e\000f\000e\000r\000e\000n\000c\000e\000s}{chapter.1}% 12
\BOOKMARK [-1][-]{part.2}{\376\377\000P\000a\000r\000t\000\040\000I\000I\000\040\000\050\000V\000O\000L\000U\000M\000E\000\040\000I\000I\000\051}{}% 13
\BOOKMARK [0][-]{appendix.A}{\376\377\000C\000h\000a\000p\000t\000e\000r\000\040\000H\000e\000a\000d\000i\000n\000g}{part.2}% 14
\BOOKMARK [1][-]{section.A.1}{\376\377\000S\000e\000c\000t\000i\000o\000n\000\040\000H\000e\000a\000d\000i\000n\000g}{appendix.A}% 15
\BOOKMARK [2][-]{subsection.A.1.1}{\376\377\000S\000u\000b\000s\000e\000c\000t\000i\000o\000n\000\040\000H\000e\000a\000d\000i\000n\000g}{section.A.1}% 16
\BOOKMARK [0][-]{appendix*.12}{\376\377\000A\000c\000r\000o\000n\000y\000m\000s\000\040\000a\000n\000d\000\040\000A\000b\000b\000r\000e\000v\000i\000a\000t\000i\000o\000n\000s}{part.2}% 17
\BOOKMARK [0][-]{appendix*.13}{\376\377\000G\000l\000o\000s\000s\000a\000r\000y}{part.2}% 18
\BOOKMARK [0][-]{appendix*.19}{\376\377\000S\000o\000l\000u\000t\000i\000o\000n\000s}{part.2}% 19
\BOOKMARK [0][-]{appendix*.21}{\376\377\000I\000n\000d\000e\000x}{part.2}% 20
