This is pdfTeX, Version 3.141592653-2.6-1.40.24 (TeX Live 2022) (preloaded format=pdflatex 2022.12.15)  30 JAN 2023 00:31
entering extended mode
 restricted \write18 enabled.
 file:line:error style messages enabled.
 %&-line parsing enabled.
**/Users/rknot/Github/book_LaTeX_template/monographs/author/00.book.tex
(/Users/rknot/Github/book_LaTeX_template/monographs/author/00.book.tex
LaTeX2e <2021-11-15> patch level 1
L3 programming layer <2022-02-24> (./svmono.cls
Document Class: svmono 2021/09/08 v5.10 
Springer Verlag global LaTeX document class for monographs
Class Springer-SVMono Info: extra/valid Springer sub-package 
(Springer-SVMono)           not found in option list - using "global" style.
(/usr/local/texlive/2022/texmf-dist/tex/latex/base/article.cls
Document Class: article 2021/10/04 v1.4n Standard LaTeX document class
(/usr/local/texlive/2022/texmf-dist/tex/latex/base/size10.clo
File: size10.clo 2021/10/04 v1.4n Standard LaTeX file (size option)
)
\c@part=\count185
\c@section=\count186
\c@subsection=\count187
\c@subsubsection=\count188
\c@paragraph=\count189
\c@subparagraph=\count190
\c@figure=\count191
\c@table=\count192
\abovecaptionskip=\skip47
\belowcaptionskip=\skip48
\bibindent=\dimen138
)
\svparindent=\dimen139
\betweenumberspace=\dimen140
\headlineindent=\dimen141
\c@chapter=\count193
\mottowidth=\dimen142
\svitemindent=\dimen143
\verbatimindent=\dimen144
LaTeX Font Info:    Redeclaring math symbol \Gamma on input line 839.
LaTeX Font Info:    Redeclaring math symbol \Delta on input line 840.
LaTeX Font Info:    Redeclaring math symbol \Theta on input line 841.
LaTeX Font Info:    Redeclaring math symbol \Lambda on input line 842.
LaTeX Font Info:    Redeclaring math symbol \Xi on input line 843.
LaTeX Font Info:    Redeclaring math symbol \Pi on input line 844.
LaTeX Font Info:    Redeclaring math symbol \Sigma on input line 845.
LaTeX Font Info:    Redeclaring math symbol \Upsilon on input line 846.
LaTeX Font Info:    Redeclaring math symbol \Phi on input line 847.
LaTeX Font Info:    Redeclaring math symbol \Psi on input line 848.
LaTeX Font Info:    Redeclaring math symbol \Omega on input line 849.
\tocchpnum=\dimen145
\tocsecnum=\dimen146
\tocsectotal=\dimen147
\tocsubsecnum=\dimen148
\tocsubsectotal=\dimen149
\tocsubsubsecnum=\dimen150
\tocsubsubsectotal=\dimen151
\tocparanum=\dimen152
\tocparatotal=\dimen153
\tocsubparanum=\dimen154
\foot@parindent=\dimen155
\spthmsep=\dimen156
\c@theorem=\count194
\c@case=\count195
\c@conjecture=\count196
\c@corollary=\count197
\c@definition=\count198
\c@example=\count199
\c@exercise=\count266
\c@lemma=\count267
\c@note=\count268
\c@problem=\count269
\c@property=\count270
\c@proposition=\count271
\c@question=\count272
\c@solution=\count273
\c@remark=\count274
\c@prob=\count275
\instindent=\dimen157
\figgap=\dimen158
\bildb@x=\box50
\figcapgap=\dimen159
\tabcapgap=\dimen160
\c@merk=\count276
LaTeX Info: Redefining \abstract on input line 1902.
 (/usr/local/texlive/2022/texmf-dist/tex/latex/xcolor/xcolor.sty
Package: xcolor 2021/10/31 v2.13 LaTeX color extensions (UK)
 (/usr/local/texlive/2022/texmf-dist/tex/latex/graphics-cfg/color.cfg
File: color.cfg 2016/01/02 v1.6 sample color configuration
)
Package xcolor Info: Driver file: pdftex.def on input line 227.
 (/usr/local/texlive/2022/texmf-dist/tex/latex/graphics-def/pdftex.def
File: pdftex.def 2020/10/05 v1.2a Graphics/color driver for pdftex
)
Package xcolor Info: Model `cmy' substituted by `cmy0' on input line 1352.
Package xcolor Info: Model `hsb' substituted by `rgb' on input line 1356.
Package xcolor Info: Model `RGB' extended on input line 1368.
Package xcolor Info: Model `HTML' substituted by `rgb' on input line 1370.
Package xcolor Info: Model `Hsb' substituted by `hsb' on input line 1371.
Package xcolor Info: Model `tHsb' substituted by `hsb' on input line 1372.
Package xcolor Info: Model `HSB' substituted by `hsb' on input line 1373.
Package xcolor Info: Model `Gray' substituted by `gray' on input line 1374.
Package xcolor Info: Model `wave' substituted by `hsb' on input line 1375.
 (/usr/local/texlive/2022/texmf-dist/tex/latex/xcolor/x11nam.def
File: x11nam.def 2021/10/31 v2.13 Predefined colors according to Unix/X11 (UK)
)) (/usr/local/texlive/2022/texmf-dist/tex/latex/ntheorem/ntheorem.sty
Style `ntheorem', Version 1.33 <2011/08/15>
Package: ntheorem 2011/08/15 1.33
(/usr/local/texlive/2022/texmf-dist/tex/latex/base/ifthen.sty
Package: ifthen 2020/11/24 v1.1c Standard LaTeX ifthen package (DPC)
)
\theorem@style=\toks16
\theorem@@style=\toks17
\theorembodyfont=\toks18
\theoremnumbering=\toks19
\theorempreskipamount=\skip49
\theorempostskipamount=\skip50
\theoremframepreskipamount=\skip51
\theoremframepostskipamount=\skip52
\theoreminframepreskipamount=\skip53
\theoreminframepostskipamount=\skip54
\theorem@preskip=\toks20
\theorem@postskip=\toks21
\theorem@framepreskip=\toks22
\theorem@framepostskip=\toks23
\theorem@inframepreskip=\toks24
\theorem@inframepostskip=\toks25
\theoremindent=\dimen161
\theorem@indent=\dimen162
\theoremrightindent=\dimen163
\theorem@rightindent=\dimen164
\theoremheaderfont=\toks26
\theoremseparator=\toks27
\theoremprework=\toks28
\theorempostwork=\toks29
\theoremsymbol=\toks30
\qedsymbol=\toks31
\theoremkeyword=\toks32
\qedsymbol=\toks33
\thm@topsep=\skip55
\thm@topsepadd=\skip56
Package ntheorem Info: Option `thmmarks' loaded on input line 1175.
\c@endNonectr=\count277
\c@currNonectr=\count278
\mysavskip=\skip57
Package ntheorem Info: Option `thref' loaded on input line 1175.
\mysavskip=\skip58
)
\c@currproofctr=\count279
\c@endproofctr=\count280
\c@proof=\count281
\minitoc=\write3
\c@minitocdepth=\count282
\c@@inst=\count283
\c@@auth=\count284
\c@auco=\count285
\instindent=\dimen165
\authrun=\box51
\authorrunning=\toks34
\tocauthor=\toks35
\titrun=\box52
\titlerunning=\toks36
\toctitle=\toks37
\c@contribution=\count286
) (/usr/local/texlive/2022/texmf-dist/tex/latex/framed/framed.sty
Package: framed 2011/10/22 v 0.96: framed or shaded text with page breaks
\OuterFrameSep=\skip59
\fb@frw=\dimen166
\fb@frh=\dimen167
\FrameRule=\dimen168
\FrameSep=\dimen169
) (/usr/local/texlive/2022/texmf-dist/tex/latex/hyperref/hyperref.sty
Package: hyperref 2022-02-21 v7.00n Hypertext links for LaTeX
 (/usr/local/texlive/2022/texmf-dist/tex/generic/ltxcmds/ltxcmds.sty
Package: ltxcmds 2020-05-10 v1.25 LaTeX kernel commands for general use (HO)
) (/usr/local/texlive/2022/texmf-dist/tex/generic/iftex/iftex.sty
Package: iftex 2022/02/03 v1.0f TeX engine tests
) (/usr/local/texlive/2022/texmf-dist/tex/generic/pdftexcmds/pdftexcmds.sty
Package: pdftexcmds 2020-06-27 v0.33 Utility functions of pdfTeX for LuaTeX (HO)
 (/usr/local/texlive/2022/texmf-dist/tex/generic/infwarerr/infwarerr.sty
Package: infwarerr 2019/12/03 v1.5 Providing info/warning/error messages (HO)
)
Package pdftexcmds Info: \pdf@primitive is available.
Package pdftexcmds Info: \pdf@ifprimitive is available.
Package pdftexcmds Info: \pdfdraftmode found.
) (/usr/local/texlive/2022/texmf-dist/tex/latex/graphics/keyval.sty
Package: keyval 2014/10/28 v1.15 key=value parser (DPC)
\KV@toks@=\toks38
) (/usr/local/texlive/2022/texmf-dist/tex/generic/kvsetkeys/kvsetkeys.sty
Package: kvsetkeys 2019/12/15 v1.18 Key value parser (HO)
) (/usr/local/texlive/2022/texmf-dist/tex/generic/kvdefinekeys/kvdefinekeys.sty
Package: kvdefinekeys 2019-12-19 v1.6 Define keys (HO)
) (/usr/local/texlive/2022/texmf-dist/tex/generic/pdfescape/pdfescape.sty
Package: pdfescape 2019/12/09 v1.15 Implements pdfTeX's escape features (HO)
) (/usr/local/texlive/2022/texmf-dist/tex/latex/hycolor/hycolor.sty
Package: hycolor 2020-01-27 v1.10 Color options for hyperref/bookmark (HO)
) (/usr/local/texlive/2022/texmf-dist/tex/latex/letltxmacro/letltxmacro.sty
Package: letltxmacro 2019/12/03 v1.6 Let assignment for LaTeX macros (HO)
) (/usr/local/texlive/2022/texmf-dist/tex/latex/auxhook/auxhook.sty
Package: auxhook 2019-12-17 v1.6 Hooks for auxiliary files (HO)
) (/usr/local/texlive/2022/texmf-dist/tex/latex/kvoptions/kvoptions.sty
Package: kvoptions 2020-10-07 v3.14 Key value format for package options (HO)
)
\@linkdim=\dimen170
\Hy@linkcounter=\count287
\Hy@pagecounter=\count288
 (/usr/local/texlive/2022/texmf-dist/tex/latex/hyperref/pd1enc.def
File: pd1enc.def 2022-02-21 v7.00n Hyperref: PDFDocEncoding definition (HO)
Now handling font encoding PD1 ...
... no UTF-8 mapping file for font encoding PD1
) (/usr/local/texlive/2022/texmf-dist/tex/generic/intcalc/intcalc.sty
Package: intcalc 2019/12/15 v1.3 Expandable calculations with integers (HO)
) (/usr/local/texlive/2022/texmf-dist/tex/generic/etexcmds/etexcmds.sty
Package: etexcmds 2019/12/15 v1.7 Avoid name clashes with e-TeX commands (HO)
)
\Hy@SavedSpaceFactor=\count289
 (/usr/local/texlive/2022/texmf-dist/tex/latex/hyperref/puenc.def
File: puenc.def 2022-02-21 v7.00n Hyperref: PDF Unicode definition (HO)
Now handling font encoding PU ...
... no UTF-8 mapping file for font encoding PU
)
Package hyperref Info: Hyper figures OFF on input line 4137.
Package hyperref Info: Link nesting OFF on input line 4142.
Package hyperref Info: Hyper index ON on input line 4145.
Package hyperref Info: Plain pages OFF on input line 4152.
Package hyperref Info: Backreferencing OFF on input line 4157.
Package hyperref Info: Implicit mode ON; LaTeX internals redefined.
Package hyperref Info: Bookmarks ON on input line 4390.
\c@Hy@tempcnt=\count290
 (/usr/local/texlive/2022/texmf-dist/tex/latex/url/url.sty
\Urlmuskip=\muskip16
Package: url 2013/09/16  ver 3.4  Verb mode for urls, etc.
)
LaTeX Info: Redefining \url on input line 4749.
\XeTeXLinkMargin=\dimen171
 (/usr/local/texlive/2022/texmf-dist/tex/generic/bitset/bitset.sty
Package: bitset 2019/12/09 v1.3 Handle bit-vector datatype (HO)
 (/usr/local/texlive/2022/texmf-dist/tex/generic/bigintcalc/bigintcalc.sty
Package: bigintcalc 2019/12/15 v1.5 Expandable calculations on big integers (HO)
))
\Fld@menulength=\count291
\Field@Width=\dimen172
\Fld@charsize=\dimen173
Package hyperref Info: Hyper figures OFF on input line 6027.
Package hyperref Info: Link nesting OFF on input line 6032.
Package hyperref Info: Hyper index ON on input line 6035.
Package hyperref Info: backreferencing OFF on input line 6042.
Package hyperref Info: Link coloring OFF on input line 6047.
Package hyperref Info: Link coloring with OCG OFF on input line 6052.
Package hyperref Info: PDF/A mode OFF on input line 6057.
LaTeX Info: Redefining \ref on input line 6097.
LaTeX Info: Redefining \pageref on input line 6101.
 (/usr/local/texlive/2022/texmf-dist/tex/latex/base/atbegshi-ltx.sty
Package: atbegshi-ltx 2021/01/10 v1.0c Emulation of the original atbegshi
package with kernel methods
)
\Hy@abspage=\count292
\c@Item=\count293
\c@Hfootnote=\count294
)
Package hyperref Info: Driver (autodetected): hpdftex.
 (/usr/local/texlive/2022/texmf-dist/tex/latex/hyperref/hpdftex.def
File: hpdftex.def 2022-02-21 v7.00n Hyperref driver for pdfTeX
 (/usr/local/texlive/2022/texmf-dist/tex/latex/base/atveryend-ltx.sty
Package: atveryend-ltx 2020/08/19 v1.0a Emulation of the original atveryend package
with kernel methods
)
\Fld@listcount=\count295
\c@bookmark@seq@number=\count296
 (/usr/local/texlive/2022/texmf-dist/tex/latex/rerunfilecheck/rerunfilecheck.sty
Package: rerunfilecheck 2019/12/05 v1.9 Rerun checks for auxiliary files (HO)
 (/usr/local/texlive/2022/texmf-dist/tex/generic/uniquecounter/uniquecounter.sty
Package: uniquecounter 2019/12/15 v1.4 Provide unlimited unique counter (HO)
)
Package uniquecounter Info: New unique counter `rerunfilecheck' on input line 286.
)
\Hy@SectionHShift=\skip60
)
Package hyperref Info: Option `colorlinks' set `false' on input line 24.
 (/usr/local/texlive/2022/texmf-dist/tex/latex/psnfss/mathptmx.sty
Package: mathptmx 2020/03/25 PSNFSS-v9.3 Times w/ Math, improved (SPQR, WaS) 
LaTeX Font Info:    Redeclaring symbol font `operators' on input line 28.
LaTeX Font Info:    Overwriting symbol font `operators' in version `normal'
(Font)                  OT1/cmr/m/n --> OT1/ztmcm/m/n on input line 28.
LaTeX Font Info:    Overwriting symbol font `operators' in version `bold'
(Font)                  OT1/cmr/bx/n --> OT1/ztmcm/m/n on input line 28.
LaTeX Font Info:    Redeclaring symbol font `letters' on input line 29.
LaTeX Font Info:    Overwriting symbol font `letters' in version `normal'
(Font)                  OML/cmm/m/it --> OML/ztmcm/m/it on input line 29.
LaTeX Font Info:    Overwriting symbol font `letters' in version `bold'
(Font)                  OML/cmm/b/it --> OML/ztmcm/m/it on input line 29.
LaTeX Font Info:    Redeclaring symbol font `symbols' on input line 30.
LaTeX Font Info:    Overwriting symbol font `symbols' in version `normal'
(Font)                  OMS/cmsy/m/n --> OMS/ztmcm/m/n on input line 30.
LaTeX Font Info:    Overwriting symbol font `symbols' in version `bold'
(Font)                  OMS/cmsy/b/n --> OMS/ztmcm/m/n on input line 30.
LaTeX Font Info:    Redeclaring symbol font `largesymbols' on input line 31.
LaTeX Font Info:    Overwriting symbol font `largesymbols' in version `normal'
(Font)                  OMX/cmex/m/n --> OMX/ztmcm/m/n on input line 31.
LaTeX Font Info:    Overwriting symbol font `largesymbols' in version `bold'
(Font)                  OMX/cmex/m/n --> OMX/ztmcm/m/n on input line 31.
\symbold=\mathgroup4
\symitalic=\mathgroup5
LaTeX Font Info:    Redeclaring math alphabet \mathbf on input line 34.
LaTeX Font Info:    Overwriting math alphabet `\mathbf' in version `normal'
(Font)                  OT1/cmr/bx/n --> OT1/ptm/bx/n on input line 34.
LaTeX Font Info:    Overwriting math alphabet `\mathbf' in version `bold'
(Font)                  OT1/cmr/bx/n --> OT1/ptm/bx/n on input line 34.
LaTeX Font Info:    Redeclaring math alphabet \mathit on input line 35.
LaTeX Font Info:    Overwriting math alphabet `\mathit' in version `normal'
(Font)                  OT1/cmr/m/it --> OT1/ptm/m/it on input line 35.
LaTeX Font Info:    Overwriting math alphabet `\mathit' in version `bold'
(Font)                  OT1/cmr/bx/it --> OT1/ptm/m/it on input line 35.
LaTeX Info: Redefining \hbar on input line 50.
) (/usr/local/texlive/2022/texmf-dist/tex/latex/psnfss/helvet.sty
Package: helvet 2020/03/25 PSNFSS-v9.3 (WaS) 
) (/usr/local/texlive/2022/texmf-dist/tex/latex/psnfss/courier.sty
Package: courier 2020/03/25 PSNFSS-v9.3 (WaS) 
) (/usr/local/texlive/2022/texmf-dist/tex/latex/type1cm/type1cm.sty
Package: type1cm 2002/09/05 v0.04 BlueSky/Y&Y Type1 CM font definitions (DPC, patched RF)
) (/usr/local/texlive/2022/texmf-dist/tex/latex/base/makeidx.sty
Package: makeidx 2021/10/04 v1.0m Standard LaTeX package
) (/usr/local/texlive/2022/texmf-dist/tex/latex/graphics/graphicx.sty
Package: graphicx 2021/09/16 v1.2d Enhanced LaTeX Graphics (DPC,SPQR)
 (/usr/local/texlive/2022/texmf-dist/tex/latex/graphics/graphics.sty
Package: graphics 2021/03/04 v1.4d Standard LaTeX Graphics (DPC,SPQR)
 (/usr/local/texlive/2022/texmf-dist/tex/latex/graphics/trig.sty
Package: trig 2021/08/11 v1.11 sin cos tan (DPC)
) (/usr/local/texlive/2022/texmf-dist/tex/latex/graphics-cfg/graphics.cfg
File: graphics.cfg 2016/06/04 v1.11 sample graphics configuration
)
Package graphics Info: Driver file: pdftex.def on input line 107.
)
\Gin@req@height=\dimen174
\Gin@req@width=\dimen175
) (/usr/local/texlive/2022/texmf-dist/tex/latex/tools/multicol.sty
Package: multicol 2021/10/28 v1.9b multicolumn formatting (FMi)
\c@tracingmulticols=\count297
\mult@box=\box53
\multicol@leftmargin=\dimen176
\c@unbalance=\count298
\c@collectmore=\count299
\doublecol@number=\count300
\multicoltolerance=\count301
\multicolpretolerance=\count302
\full@width=\dimen177
\page@free=\dimen178
\premulticols=\dimen179
\postmulticols=\dimen180
\multicolsep=\skip61
\multicolbaselineskip=\skip62
\partial@page=\box54
\last@line=\box55
\maxbalancingoverflow=\dimen181
\mult@rightbox=\box56
\mult@grightbox=\box57
\mult@firstbox=\box58
\mult@gfirstbox=\box59
\@tempa=\box60
\@tempa=\box61
\@tempa=\box62
\@tempa=\box63
\@tempa=\box64
\@tempa=\box65
\@tempa=\box66
\@tempa=\box67
\@tempa=\box68
\@tempa=\box69
\@tempa=\box70
\@tempa=\box71
\@tempa=\box72
\@tempa=\box73
\@tempa=\box74
\@tempa=\box75
\@tempa=\box76
\@tempa=\box77
\@tempa=\box78
\@tempa=\box79
\@tempa=\box80
\@tempa=\box81
\@tempa=\box82
\@tempa=\box83
\@tempa=\box84
\@tempa=\box85
\@tempa=\box86
\@tempa=\box87
\@tempa=\box88
\@tempa=\box89
\@tempa=\box90
\@tempa=\box91
\@tempa=\box92
\@tempa=\box93
\@tempa=\box94
\@tempa=\box95
\c@minrows=\count303
\c@columnbadness=\count304
\c@finalcolumnbadness=\count305
\last@try=\dimen182
\multicolovershoot=\dimen183
\multicolundershoot=\dimen184
\mult@nat@firstbox=\box96
\colbreak@box=\box97
\mc@col@check@num=\count306
) (/usr/local/texlive/2022/texmf-dist/tex/latex/footmisc/footmisc.sty
Package: footmisc 2022/03/08 v6.0d a miscellany of footnote facilities
\FN@temptoken=\toks39
\footnotemargin=\dimen185
\@outputbox@depth=\dimen186
Package footmisc Info: Declaring symbol style bringhurst on input line 695.
Package footmisc Info: Declaring symbol style chicago on input line 703.
Package footmisc Info: Declaring symbol style wiley on input line 712.
Package footmisc Info: Declaring symbol style lamport-robust on input line 723.
Package footmisc Info: Declaring symbol style lamport* on input line 743.
Package footmisc Info: Declaring symbol style lamport*-robust on input line 764.
) (/usr/local/texlive/2022/texmf-dist/tex/latex/newtx/newtxtext.sty
Package: newtxtext 2022/02/28 v1.71(Michael Sharpe) latex and unicode latex support for TeXGyreTermesX
 `newtxtext' v1.71, 2022/02/28 Text macros taking advantage of TeXGyre Termes and its extensions (msharpe) (/usr/local/texlive/2022/texmf-dist/tex/latex/xkeyval/xkeyval.sty
Package: xkeyval 2020/11/20 v2.8 package option processing (HA)
 (/usr/local/texlive/2022/texmf-dist/tex/generic/xkeyval/xkeyval.tex (/usr/local/texlive/2022/texmf-dist/tex/generic/xkeyval/xkvutils.tex
\XKV@toks=\toks40
\XKV@tempa@toks=\toks41
)
\XKV@depth=\count307
File: xkeyval.tex 2014/12/03 v2.7a key=value parser (HA)
)) (/usr/local/texlive/2022/texmf-dist/tex/latex/etoolbox/etoolbox.sty
Package: etoolbox 2020/10/05 v2.5k e-TeX tools for LaTeX (JAW)
\etb@tempcnta=\count308
) (/usr/local/texlive/2022/texmf-dist/tex/latex/base/textcomp.sty
Package: textcomp 2020/02/02 v2.0n Standard LaTeX package
) (/usr/local/texlive/2022/texmf-dist/tex/generic/xstring/xstring.sty (/usr/local/texlive/2022/texmf-dist/tex/generic/xstring/xstring.tex
\integerpart=\count309
\decimalpart=\count310
)
Package: xstring 2021/07/21 v1.84 String manipulations (CT)
) (/usr/local/texlive/2022/texmf-dist/tex/latex/carlisle/scalefnt.sty)
LaTeX Font Info:    Setting ntxLF sub-encoding to TS1/0 on input line 21.
LaTeX Font Info:    Setting ntxTLF sub-encoding to TS1/0 on input line 21.
LaTeX Font Info:    Setting ntxOsF sub-encoding to TS1/0 on input line 21.
LaTeX Font Info:    Setting ntxTOsF sub-encoding to TS1/0 on input line 21.
 (/usr/local/texlive/2022/texmf-dist/tex/generic/kastrup/binhex.tex)
\ntx@tmpcnta=\count311
\ntx@cnt=\count312

ntx@otftextfalse
(/usr/local/texlive/2022/texmf-dist/tex/latex/fontaxes/fontaxes.sty
Package: fontaxes 2020/07/21 v1.0e Font selection axes
LaTeX Info: Redefining \upshape on input line 29.
LaTeX Info: Redefining \itshape on input line 31.
LaTeX Info: Redefining \slshape on input line 33.
LaTeX Info: Redefining \swshape on input line 35.
LaTeX Info: Redefining \scshape on input line 37.
LaTeX Info: Redefining \sscshape on input line 39.
LaTeX Info: Redefining \ulcshape on input line 41.
LaTeX Info: Redefining \textsw on input line 47.
LaTeX Info: Redefining \textssc on input line 48.
LaTeX Info: Redefining \textulc on input line 49.
)
LaTeX Info: Redefining \oldstylenums on input line 657.
) (/usr/local/texlive/2022/texmf-dist/tex/latex/newtx/newtxmath.sty
Package: newtxmath 2022/01/16 v1.71
 `newtxmath' v1.71, 2022/01/16 Math macros based originally on txfonts (msharpe) (/usr/local/texlive/2022/texmf-dist/tex/latex/amsmath/amsmath.sty
Package: amsmath 2021/10/15 v2.17l AMS math features
\@mathmargin=\skip63

For additional information on amsmath, use the `?' option.
(/usr/local/texlive/2022/texmf-dist/tex/latex/amsmath/amstext.sty
Package: amstext 2021/08/26 v2.01 AMS text
 (/usr/local/texlive/2022/texmf-dist/tex/latex/amsmath/amsgen.sty
File: amsgen.sty 1999/11/30 v2.0 generic functions
\@emptytoks=\toks42
\ex@=\dimen187
)) (/usr/local/texlive/2022/texmf-dist/tex/latex/amsmath/amsbsy.sty
Package: amsbsy 1999/11/29 v1.2d Bold Symbols
\pmbraise@=\dimen188
) (/usr/local/texlive/2022/texmf-dist/tex/latex/amsmath/amsopn.sty
Package: amsopn 2021/08/26 v2.02 operator names
)
\inf@bad=\count313
LaTeX Info: Redefining \frac on input line 234.
\uproot@=\count314
\leftroot@=\count315
LaTeX Info: Redefining \overline on input line 399.
\classnum@=\count316
\DOTSCASE@=\count317
LaTeX Info: Redefining \ldots on input line 496.
LaTeX Info: Redefining \dots on input line 499.
LaTeX Info: Redefining \cdots on input line 620.
\Mathstrutbox@=\box98
\strutbox@=\box99
\big@size=\dimen189
LaTeX Font Info:    Redeclaring font encoding OML on input line 743.
LaTeX Font Info:    Redeclaring font encoding OMS on input line 744.
\macc@depth=\count318
\c@MaxMatrixCols=\count319
\dotsspace@=\muskip17
\c@parentequation=\count320
\dspbrk@lvl=\count321
\tag@help=\toks43
\row@=\count322
\column@=\count323
\maxfields@=\count324
\andhelp@=\toks44
\eqnshift@=\dimen190
\alignsep@=\dimen191
\tagshift@=\dimen192
\tagwidth@=\dimen193
\totwidth@=\dimen194
\lineht@=\dimen195
\@envbody=\toks45
\multlinegap=\skip64
\multlinetaggap=\skip65
\mathdisplay@stack=\toks46
LaTeX Info: Redefining \[ on input line 2938.
LaTeX Info: Redefining \] on input line 2939.
) (/usr/local/texlive/2022/texmf-dist/tex/generic/iftex/ifxetex.sty
Package: ifxetex 2019/10/25 v0.7 ifxetex legacy package. Use iftex instead.
) (/usr/local/texlive/2022/texmf-dist/tex/generic/iftex/ifluatex.sty
Package: ifluatex 2019/10/25 v1.5 ifluatex legacy package. Use iftex instead.
) (/usr/local/texlive/2022/texmf-dist/tex/latex/oberdiek/centernot.sty
Package: centernot 2016/05/16 v1.4 Centers the not symbol horizontally (HO)
)
\tx@cntz=\count325
 (/usr/local/texlive/2022/texmf-dist/tex/generic/kastrup/binhex.tex)
\tx@Isdigit=\count326
\tx@IsAlNum=\count327
\tx@tA=\toks47
\tx@tB=\toks48
\tx@su=\read2

amsthm NOT loaded
LaTeX Font Info:    Redeclaring symbol font `operators' on input line 376.
LaTeX Font Info:    Overwriting symbol font `operators' in version `normal'
(Font)                  OT1/ztmcm/m/n --> OT1/minntx/m/n on input line 376.
LaTeX Font Info:    Overwriting symbol font `operators' in version `bold'
(Font)                  OT1/ztmcm/m/n --> OT1/minntx/m/n on input line 376.
LaTeX Font Info:    Overwriting symbol font `operators' in version `bold'
(Font)                  OT1/minntx/m/n --> OT1/minntx/b/n on input line 377.
LaTeX Font Info:    Redeclaring math alphabet \mathsf on input line 383.
LaTeX Font Info:    Overwriting math alphabet `\mathsf' in version `normal'
(Font)                  OT1/cmss/m/n --> OT1/qhv/m/n on input line 383.
LaTeX Font Info:    Overwriting math alphabet `\mathsf' in version `bold'
(Font)                  OT1/cmss/bx/n --> OT1/qhv/m/n on input line 383.
LaTeX Font Info:    Redeclaring math alphabet \mathit on input line 384.
LaTeX Font Info:    Overwriting math alphabet `\mathit' in version `normal'
(Font)                  OT1/ptm/m/it --> OT1/minntx/m/it on input line 384.
LaTeX Font Info:    Overwriting math alphabet `\mathit' in version `bold'
(Font)                  OT1/ptm/m/it --> OT1/minntx/m/it on input line 384.
LaTeX Font Info:    Redeclaring math alphabet \mathtt on input line 385.
LaTeX Font Info:    Overwriting math alphabet `\mathtt' in version `normal'
(Font)                  OT1/cmtt/m/n --> OT1/ntxtt/m/n on input line 385.
LaTeX Font Info:    Overwriting math alphabet `\mathtt' in version `bold'
(Font)                  OT1/cmtt/m/n --> OT1/ntxtt/m/n on input line 385.
LaTeX Font Info:    Redeclaring math alphabet \mathbf on input line 387.
LaTeX Font Info:    Overwriting math alphabet `\mathbf' in version `normal'
(Font)                  OT1/ptm/bx/n --> OT1/minntx/b/n on input line 387.
LaTeX Font Info:    Overwriting math alphabet `\mathbf' in version `bold'
(Font)                  OT1/ptm/bx/n --> OT1/minntx/b/n on input line 387.
LaTeX Font Info:    Overwriting math alphabet `\mathit' in version `bold'
(Font)                  OT1/minntx/m/it --> OT1/minntx/b/it on input line 388.
LaTeX Font Info:    Overwriting math alphabet `\mathsf' in version `bold'
(Font)                  OT1/qhv/m/n --> OT1/qhv/b/n on input line 389.
LaTeX Font Info:    Overwriting math alphabet `\mathtt' in version `bold'
(Font)                  OT1/ntxtt/m/n --> OT1/ntxtt/b/n on input line 390.
LaTeX Font Info:    Redeclaring symbol font `letters' on input line 491.
LaTeX Font Info:    Overwriting symbol font `letters' in version `normal'
(Font)                  OML/ztmcm/m/it --> OML/ntxmi/m/it on input line 491.
LaTeX Font Info:    Overwriting symbol font `letters' in version `bold'
(Font)                  OML/ztmcm/m/it --> OML/ntxmi/m/it on input line 491.
LaTeX Font Info:    Overwriting symbol font `letters' in version `bold'
(Font)                  OML/ntxmi/m/it --> OML/ntxmi/b/it on input line 492.
\symlettersA=\mathgroup6
LaTeX Font Info:    Overwriting symbol font `lettersA' in version `bold'
(Font)                  U/ntxmia/m/it --> U/ntxmia/b/it on input line 547.
Now handling font encoding LMS ...
... no UTF-8 mapping file for font encoding LMS
LaTeX Font Info:    Redeclaring symbol font `symbols' on input line 568.
LaTeX Font Info:    Encoding `OMS' has changed to `LMS' for symbol font
(Font)              `symbols' in the math version `normal' on input line 568.
LaTeX Font Info:    Overwriting symbol font `symbols' in version `normal'
(Font)                  OMS/ztmcm/m/n --> LMS/ntxsy/m/n on input line 568.
LaTeX Font Info:    Encoding `OMS' has changed to `LMS' for symbol font
(Font)              `symbols' in the math version `bold' on input line 568.
LaTeX Font Info:    Overwriting symbol font `symbols' in version `bold'
(Font)                  OMS/ztmcm/m/n --> LMS/ntxsy/m/n on input line 568.
LaTeX Font Info:    Overwriting symbol font `symbols' in version `bold'
(Font)                  LMS/ntxsy/m/n --> LMS/ntxsy/b/n on input line 569.
\symAMSm=\mathgroup7
LaTeX Font Info:    Overwriting symbol font `AMSm' in version `bold'
(Font)                  U/ntxsym/m/n --> U/ntxsym/b/n on input line 594.
\symsymbolsC=\mathgroup8
LaTeX Font Info:    Overwriting symbol font `symbolsC' in version `bold'
(Font)                  U/ntxsyc/m/n --> U/ntxsyc/b/n on input line 615.
Now handling font encoding LMX ...
... no UTF-8 mapping file for font encoding LMX
LaTeX Font Info:    Redeclaring symbol font `largesymbols' on input line 628.
LaTeX Font Info:    Encoding `OMX' has changed to `LMX' for symbol font
(Font)              `largesymbols' in the math version `normal' on input line 628.
LaTeX Font Info:    Overwriting symbol font `largesymbols' in version `normal'
(Font)                  OMX/ztmcm/m/n --> LMX/ntxexx/m/n on input line 628.
LaTeX Font Info:    Encoding `OMX' has changed to `LMX' for symbol font
(Font)              `largesymbols' in the math version `bold' on input line 628.
LaTeX Font Info:    Overwriting symbol font `largesymbols' in version `bold'
(Font)                  OMX/ztmcm/m/n --> LMX/ntxexx/m/n on input line 628.
LaTeX Font Info:    Overwriting symbol font `largesymbols' in version `bold'
(Font)                  LMX/ntxexx/m/n --> LMX/ntxexx/b/n on input line 629.
\symlargesymbolsTXA=\mathgroup9
LaTeX Font Info:    Overwriting symbol font `largesymbolsTXA' in version `bold'
(Font)                  U/ntxexa/m/n --> U/ntxexa/b/n on input line 643.
\tx@sbptoks=\toks49
LaTeX Font Info:    Redeclaring math delimiter \lfloor on input line 866.
LaTeX Font Info:    Redeclaring math delimiter \rfloor on input line 867.
LaTeX Font Info:    Redeclaring math delimiter \lceil on input line 868.
LaTeX Font Info:    Redeclaring math delimiter \rceil on input line 869.
LaTeX Font Info:    Redeclaring math delimiter \lbrace on input line 870.
LaTeX Font Info:    Redeclaring math delimiter \rbrace on input line 871.
LaTeX Font Info:    Redeclaring math delimiter \langle on input line 872.
LaTeX Font Info:    Redeclaring math delimiter \rangle on input line 874.
LaTeX Font Info:    Redeclaring math delimiter \arrowvert on input line 878.
LaTeX Font Info:    Redeclaring math delimiter \vert on input line 879.
LaTeX Font Info:    Redeclaring math accent \dot on input line 950.
LaTeX Font Info:    Redeclaring math accent \ddot on input line 951.
LaTeX Font Info:    Redeclaring math accent \vec on input line 2020.
LaTeX Info: Redefining \Bbbk on input line 2810.
LaTeX Info: Redefining \not on input line 2959.
)
\@indexfile=\write4
\openout4 = `00.book.idx'.


Writing index file 00.book.idx
LaTeX Font Info:    Trying to load font information for OT1+ntxtlf on input line 49.
(/usr/local/texlive/2022/texmf-dist/tex/latex/newtx/ot1ntxtlf.fd
File: ot1ntxtlf.fd 2021/05/24 v1.0 font definition file for OT1/ntx/tlf
)
LaTeX Font Info:    Font shape `OT1/ntxtlf/m/n' will be
(Font)              scaled to size 10.0pt on input line 49.
 (/usr/local/texlive/2022/texmf-dist/tex/latex/l3backend/l3backend-pdftex.def
File: l3backend-pdftex.def 2022-02-07 L3 backend support: PDF output (pdfTeX)
\l__color_backend_stack_int=\count328
\l__pdf_internal_box=\box100
) (./00.book.aux (./foreword.aux) (./dedication.aux) (./part_I.aux) (./01.chapter.aux) (./part_II.aux) (./appendix.aux) (./acronym.aux) (./glossary.aux) (./solutions.aux))
\openout1 = `00.book.aux'.

LaTeX Font Info:    Checking defaults for OML/ntxmi/m/it on input line 49.
LaTeX Font Info:    Trying to load font information for OML+ntxmi on input line 49.
 (/usr/local/texlive/2022/texmf-dist/tex/latex/newtx/omlntxmi.fd
File: omlntxmi.fd 2015/08/25 Fontinst v1.933 font definitions for OML/ntxmi.
)
LaTeX Font Info:    ... okay on input line 49.
LaTeX Font Info:    Checking defaults for OMS/cmsy/m/n on input line 49.
LaTeX Font Info:    ... okay on input line 49.
LaTeX Font Info:    Checking defaults for OT1/cmr/m/n on input line 49.
LaTeX Font Info:    ... okay on input line 49.
LaTeX Font Info:    Checking defaults for T1/cmr/m/n on input line 49.
LaTeX Font Info:    ... okay on input line 49.
LaTeX Font Info:    Checking defaults for TS1/cmr/m/n on input line 49.
LaTeX Font Info:    ... okay on input line 49.
LaTeX Font Info:    Checking defaults for OMX/cmex/m/n on input line 49.
LaTeX Font Info:    ... okay on input line 49.
LaTeX Font Info:    Checking defaults for U/ntxexa/m/n on input line 49.
LaTeX Font Info:    Trying to load font information for U+ntxexa on input line 49.
 (/usr/local/texlive/2022/texmf-dist/tex/latex/newtx/untxexa.fd
File: untxexa.fd 2012/04/16 Fontinst v1.933 font definitions for U/ntxexa.
)
LaTeX Font Info:    ... okay on input line 49.
LaTeX Font Info:    Checking defaults for PD1/pdf/m/n on input line 49.
LaTeX Font Info:    ... okay on input line 49.
LaTeX Font Info:    Checking defaults for PU/pdf/m/n on input line 49.
LaTeX Font Info:    ... okay on input line 49.
LaTeX Font Info:    Checking defaults for LMS/ntxsy/m/n on input line 49.
LaTeX Font Info:    Trying to load font information for LMS+ntxsy on input line 49.
 (/usr/local/texlive/2022/texmf-dist/tex/latex/newtx/lmsntxsy.fd
File: lmsntxsy.fd 2016/07/02 Fontinst v1.933 font definitions for LMS/ntxsy.
)
LaTeX Font Info:    ... okay on input line 49.
LaTeX Font Info:    Checking defaults for LMX/ntxexx/m/n on input line 49.
LaTeX Font Info:    Trying to load font information for LMX+ntxexx on input line 49.
 (/usr/local/texlive/2022/texmf-dist/tex/latex/newtx/lmxntxexx.fd
File: lmxntxexx.fd 2016/07/03 Fontinst v1.933 font definitions for LMX/ntxexx.
)
LaTeX Font Info:    ... okay on input line 49.
 (/usr/local/texlive/2022/texmf-dist/tex/context/base/mkii/supp-pdf.mkii
[Loading MPS to PDF converter (version 2006.09.02).]
\scratchcounter=\count329
\scratchdimen=\dimen196
\scratchbox=\box101
\nofMPsegments=\count330
\nofMParguments=\count331
\everyMPshowfont=\toks50
\MPscratchCnt=\count332
\MPscratchDim=\dimen197
\MPnumerator=\count333
\makeMPintoPDFobject=\count334
\everyMPtoPDFconversion=\toks51
) (/usr/local/texlive/2022/texmf-dist/tex/latex/epstopdf-pkg/epstopdf-base.sty
Package: epstopdf-base 2020-01-24 v2.11 Base part for package epstopdf
 (/usr/local/texlive/2022/texmf-dist/tex/latex/grfext/grfext.sty
Package: grfext 2019/12/03 v1.3 Manage graphics extensions (HO)
)
Package epstopdf-base Info: Redefining graphics rule for `.eps' on input line 485.
Package grfext Info: Graphics extension search list:
(grfext)             [.pdf,.png,.jpg,.mps,.jpeg,.jbig2,.jb2,.PDF,.PNG,.JPG,.JPEG,.JBIG2,.JB2,.eps]
(grfext)             \AppendGraphicsExtensions on input line 504.
 (/usr/local/texlive/2022/texmf-dist/tex/latex/latexconfig/epstopdf-sys.cfg
File: epstopdf-sys.cfg 2010/07/13 v1.3 Configuration of (r)epstopdf for TeX Live
))
Package hyperref Info: Link coloring OFF on input line 49.
 (/usr/local/texlive/2022/texmf-dist/tex/latex/hyperref/nameref.sty
Package: nameref 2021-04-02 v2.47 Cross-referencing by name of section
 (/usr/local/texlive/2022/texmf-dist/tex/latex/refcount/refcount.sty
Package: refcount 2019/12/15 v3.6 Data extraction from label references (HO)
) (/usr/local/texlive/2022/texmf-dist/tex/generic/gettitlestring/gettitlestring.sty
Package: gettitlestring 2019/12/15 v1.6 Cleanup title references (HO)
)
\c@section@level=\count335
)
LaTeX Info: Redefining \ref on input line 49.
LaTeX Info: Redefining \pageref on input line 49.
LaTeX Info: Redefining \nameref on input line 49.
 (./00.book.out) (./00.book.out)
\@outlinefile=\write5
\openout5 = `00.book.out'.

\c@mv@tabular=\count336
\c@mv@boldtabular=\count337
LaTeX Font Info:    Font shape `OT1/ntxtlf/m/n' will be
(Font)              scaled to size 18.0pt on input line 57.
LaTeX Font Info:    Font shape `OT1/ntxtlf/m/n' will be
(Font)              scaled to size 24.88pt on input line 57.
LaTeX Font Info:    Font shape `OT1/ntxtlf/m/n' will be
(Font)              scaled to size 12.0pt on input line 57.
LaTeX Font Info:    Font shape `OT1/ntxtlf/m/n' will be
(Font)              scaled to size 14.0pt on input line 57.
 [1

{/usr/local/texlive/2022/texmf-var/fonts/map/pdftex/updmap/pdftex.map}] [2


]
LaTeX Font Info:    Font shape `OT1/ntxtlf/m/n' will be
(Font)              scaled to size 16.0pt on input line 63.
LaTeX Font Info:    Font shape `OT1/ntxtlf/b/n' will be
(Font)              scaled to size 16.0pt on input line 63.
LaTeX Font Info:    Trying to load font information for OT1+minntx on input line 63.
 (/usr/local/texlive/2022/texmf-dist/tex/latex/newtx/ot1minntx.fd
File: ot1minntx.fd 2022/01/20 v1.0 font definition file for OT1/minntx
)
LaTeX Font Info:    Trying to load font information for OT1+ptm on input line 63.
 (/usr/local/texlive/2022/texmf-dist/tex/latex/psnfss/ot1ptm.fd
File: ot1ptm.fd 2001/06/04 font definitions for OT1/ptm.
)
LaTeX Font Info:    Font shape `OT1/ptm/bx/n' in size <10> not available
(Font)              Font shape `OT1/ptm/b/n' tried instead on input line 63.
LaTeX Font Info:    Font shape `OT1/ptm/bx/n' in size <7.3> not available
(Font)              Font shape `OT1/ptm/b/n' tried instead on input line 63.
LaTeX Font Info:    Font shape `OT1/ptm/bx/n' in size <5.5> not available
(Font)              Font shape `OT1/ptm/b/n' tried instead on input line 63.
LaTeX Font Info:    Trying to load font information for U+ntxmia on input line 63.
 (/usr/local/texlive/2022/texmf-dist/tex/latex/newtx/untxmia.fd
File: untxmia.fd 2018/04/14 Fontinst v1.933 font definitions for U/ntxmia.
)
LaTeX Font Info:    Trying to load font information for U+ntxsym on input line 63.
 (/usr/local/texlive/2022/texmf-dist/tex/latex/newtx/untxsym.fd
File: untxsym.fd 2015/03/20 Fontinst v1.933 font definitions for U/ntxsym.
)
LaTeX Font Info:    Trying to load font information for U+ntxsyc on input line 63.
 (/usr/local/texlive/2022/texmf-dist/tex/latex/newtx/untxsyc.fd
File: untxsyc.fd 2012/04/12 Fontinst v1.933 font definitions for U/ntxsyc.
) (./00.book.toc
LaTeX Font Info:    Font shape `OT1/ntxtlf/b/n' will be
(Font)              scaled to size 10.0pt on input line 1.
)
\tf@toc=\write6
\openout6 = `00.book.toc'.

LaTeX Font Info:    Font shape `OT1/ntxtlf/m/n' will be
(Font)              scaled to size 8.5pt on input line 64.
 [5


]
\openout2 = `foreword.aux'.

 (./foreword.tex [6



]
LaTeX Font Info:    Font shape `OT1/ntxtlf/m/it' will be
(Font)              scaled to size 10.0pt on input line 9.
LaTeX Font Info:    Trying to load font information for OT1+ntxsups on input line 16.
 (/usr/local/texlive/2022/texmf-dist/tex/latex/newtx/ot1ntxsups.fd
File: ot1ntxsups.fd 2015/01/17 v1.0
)
LaTeX Font Info:    Font shape `OT1/ntxsups/m/n' will be
(Font)              scaled to size 10.0pt on input line 16.
LaTeX Font Info:    Font shape `OT1/ntxsups/m/n' will be
(Font)              scaled to size 8.5pt on input line 18.

Underfull \hbox (badness 10000) in paragraph at lines 9--166

 []

[7] [8] [9] [10] [11])
\openout2 = `dedication.aux'.

 (./dedication.tex [12





]
LaTeX Font Info:    Font shape `OT1/ntxtlf/m/it' will be
(Font)              scaled to size 12.0pt on input line 10.
 [13]) [14





]
\openout2 = `part_I.aux'.

 (./part_I.tex
LaTeX Font Info:    Font shape `OT1/ntxtlf/b/n' will be
(Font)              scaled to size 18.0pt on input line 10.

pdfTeX warning (ext4): destination with the same identifier (name{page.1}) has been already used, duplicate ignored
<to be read again> 
                   \relax 
l.10 \part{(VOLUME I)}
                       [1



])
\openout2 = `01.chapter.aux'.

 (./01.chapter.tex
pdfTeX warning (ext4): destination with the same identifier (name{page.2}) has been already used, duplicate ignored
<to be read again> 
                   \relax 
l.9 \chapter
            {TRIGONOMETRIC SERIES AND FOURIER SERIES. AUXILIARY RESULTS} [2





]
Chapter 1.
LaTeX Font Info:    Font shape `OT1/ntxtlf/b/n' will be
(Font)              scaled to size 14.0pt on input line 9.
LaTeX Font Info:    Font shape `OT1/ntxtlf/b/n' will be
(Font)              scaled to size 12.0pt on input line 23.

Overfull \hbox (3.0pt too wide) detected at line 36
 [] 
 []

LaTeX Font Info:    Trying to load font information for OT1+ntxtt on input line 37.
(/usr/local/texlive/2022/texmf-dist/tex/latex/newtx/ot1ntxtt.fd
File: ot1ntxtt.fd 2012/04/20 v3.1
)
LaTeX Font Info:    Font shape `OT1/ntxtt/m/n' will be
(Font)              scaled to size 10.0pt on input line 37.
LaTeX Font Info:    Font shape `OT1/ntxtlf/m/n' will be
(Font)              scaled to size 7.3pt on input line 56.
 [3] [4]
LaTeX Font Info:    Font shape `OT1/ntxtt/m/n' will be
(Font)              scaled to size 8.5pt on input line 68.
LaTeX Font Info:    Font shape `OT1/ntxtlf/b/n' will be
(Font)              scaled to size 8.5pt on input line 68.
LaTeX Font Info:    Font shape `OT1/ntxtlf/b/it' will be
(Font)              scaled to size 8.5pt on input line 68.
LaTeX Font Info:    Font shape `OT1/ntxtlf/m/n' will be
(Font)              scaled to size 11.0pt on input line 81.
LaTeX Font Info:    Font shape `OT1/ntxtlf/b/n' will be
(Font)              scaled to size 11.0pt on input line 81.
LaTeX Font Info:    Font shape `OT1/ntxtlf/m/it' will be
(Font)              scaled to size 8.5pt on input line 91.
Package epstopdf Info: Source file: <figure.eps>
(epstopdf)                    date: 2023-01-29 10:46:50
(epstopdf)                    size: 62739 bytes
(epstopdf)             Output file: <figure-eps-converted-to.pdf>
(epstopdf)                    date: 2023-01-29 10:46:50
(epstopdf)                    size: 13846 bytes
(epstopdf)             Command: <repstopdf --outfile=figure-eps-converted-to.pdf figure.eps>
(epstopdf)             \includegraphics on input line 107.
Package epstopdf Info: Output file is already uptodate.
<figure-eps-converted-to.pdf, id=210, 139.52126pt x 195.73125pt>
File: figure-eps-converted-to.pdf Graphic file (type pdf)
<use figure-eps-converted-to.pdf>
Package pdftex.def Info: figure-eps-converted-to.pdf  used on input line 107.
(pdftex.def)             Requested size: 90.68773pt x 127.22379pt.
 [5]
LaTeX Font Info:    Trying to load font information for TS1+ntxtlf on input line 136.
 (/usr/local/texlive/2022/texmf-dist/tex/latex/newtx/ts1ntxtlf.fd
File: ts1ntxtlf.fd 2015/01/18 v1.0 fd file for TS1/ntxtlf
)
LaTeX Font Info:    Font shape `TS1/ntxtlf/m/n' will be
(Font)              scaled to size 10.0pt on input line 136.
 [6 <./figure-eps-converted-to.pdf>]
Package epstopdf Info: Source file: <figure.eps>
(epstopdf)                    date: 2023-01-29 10:46:50
(epstopdf)                    size: 62739 bytes
(epstopdf)             Output file: <figure-eps-converted-to.pdf>
(epstopdf)                    date: 2023-01-29 10:46:50
(epstopdf)                    size: 13846 bytes
(epstopdf)             Command: <repstopdf --outfile=figure-eps-converted-to.pdf figure.eps>
(epstopdf)             \includegraphics on input line 154.
Package epstopdf Info: Output file is already uptodate.
File: figure-eps-converted-to.pdf Graphic file (type pdf)
<use figure-eps-converted-to.pdf>
Package pdftex.def Info: figure-eps-converted-to.pdf  used on input line 154.
(pdftex.def)             Requested size: 90.68773pt x 127.22379pt.
LaTeX Font Info:    Font shape `OT1/ntxtlf/b/it' will be
(Font)              scaled to size 10.0pt on input line 160.
LaTeX Font Info:    Calculating math sizes for size <8.5> on input line 173.
LaTeX Font Info:    Font shape `OT1/ptm/bx/n' in size <8.5> not available
(Font)              Font shape `OT1/ptm/b/n' tried instead on input line 173.
LaTeX Font Info:    Font shape `OT1/ptm/bx/n' in size <6.20496> not available
(Font)              Font shape `OT1/ptm/b/n' tried instead on input line 173.
LaTeX Font Info:    Font shape `OT1/ptm/bx/n' in size <4.67502> not available
(Font)              Font shape `OT1/ptm/b/n' tried instead on input line 173.

Overfull \hbox (0.61853pt too wide) in paragraph at lines 173--184
[][]
 []

[7]
Package hyperref Info: bookmark level for unknown proof defaults to 0 on input line 233.
 [8]
Overfull \hbox (3.0pt too wide) detected at line 259
 [] 
 []

LaTeX Font Info:    Font shape `TS1/ntxtlf/b/n' will be
(Font)              scaled to size 10.0pt on input line 266.
LaTeX Font Info:    Trying to load font information for OT1+qhv on input line 266.
(/usr/local/texlive/2022/texmf-dist/tex/latex/tex-gyre/ot1qhv.fd
File: ot1qhv.fd 2009/09/25 v1.2 font definition file for OT1/qhv
)
LaTeX Font Info:    Font shape `OT1/qhv/m/n' will be
(Font)              scaled to size 9.40002pt on input line 266.
LaTeX Font Info:    Font shape `OT1/qhv/b/n' will be
(Font)              scaled to size 9.40002pt on input line 266.

Overfull \hbox (3.0pt too wide) detected at line 266
 [] 
 []


Overfull \hbox (3.0pt too wide) detected at line 274
 [] 
 []

[9]
Overfull \hbox (3.0pt too wide) detected at line 282
 [] 
 []


Overfull \hbox (3.0pt too wide) detected at line 289
 [] 
 []


Overfull \hbox (3.0pt too wide) detected at line 301
 [] 
 []


Overfull \hbox (3.0pt too wide) detected at line 309
 [] 
 []

[10

]
Overfull \hbox (3.0pt too wide) detected at line 316
 [] 
 []


Overfull \hbox (3.0pt too wide) detected at line 327
 [] 
 []

(./references.tex [11

] [12])) [13]
\openout2 = `part_II.aux'.

 (./part_II.tex [14





] [15])
\openout2 = `appendix.aux'.

 (./appendix.tex [16





]
Appendix A.
LaTeX Font Info:    Calculating math sizes for size <16> on input line 11.
LaTeX Font Info:    Font shape `OT1/ptm/bx/n' in size <16> not available
(Font)              Font shape `OT1/ptm/b/n' tried instead on input line 11.
LaTeX Font Info:    Font shape `OT1/ptm/bx/n' in size <11.67993> not available
(Font)              Font shape `OT1/ptm/b/n' tried instead on input line 11.
LaTeX Font Info:    Font shape `OT1/ptm/bx/n' in size <8.80005> not available
(Font)              Font shape `OT1/ptm/b/n' tried instead on input line 11.
Package epstopdf Info: Source file: <figure.eps>
(epstopdf)                    date: 2023-01-29 10:46:50
(epstopdf)                    size: 62739 bytes
(epstopdf)             Output file: <figure-eps-converted-to.pdf>
(epstopdf)                    date: 2023-01-29 10:46:50
(epstopdf)                    size: 13846 bytes
(epstopdf)             Command: <repstopdf --outfile=figure-eps-converted-to.pdf figure.eps>
(epstopdf)             \includegraphics on input line 58.
Package epstopdf Info: Output file is already uptodate.
File: figure-eps-converted-to.pdf Graphic file (type pdf)
<use figure-eps-converted-to.pdf>
Package pdftex.def Info: figure-eps-converted-to.pdf  used on input line 58.
(pdftex.def)             Requested size: 90.68773pt x 127.22379pt.
[17]
Overfull \hbox (0.61853pt too wide) in paragraph at lines 70--81
[][]
 []

) [18]
\openout2 = `acronym.aux'.

 (./acronym.tex) [19







]
\openout2 = `glossary.aux'.

 (./glossary.tex [20





]) [21]
\openout2 = `solutions.aux'.

 (./solutions.tex [22





]) [23] (./00.book.ind [24




] [25])
\tf@thm=\write7
\openout7 = `00.book.thm'.

 (./00.book.aux (./foreword.aux) (./dedication.aux) (./part_I.aux) (./01.chapter.aux) (./part_II.aux) (./appendix.aux) (./acronym.aux) (./glossary.aux) (./solutions.aux))
Package rerunfilecheck Info: File `00.book.out' has not changed.
(rerunfilecheck)             Checksum: F16FD8FEE8281FD159F3AFA351EE1919;2765.
 ) 
Here is how much of TeX's memory you used:
 15686 strings out of 478268
 237656 string characters out of 5846346
 558308 words of memory out of 5000000
 33375 multiletter control sequences out of 15000+600000
 571973 words of font info for 218 fonts, out of 8000000 for 9000
 1141 hyphenation exceptions out of 8191
 69i,12n,76p,784b,511s stack positions out of 10000i,1000n,20000p,200000b,200000s
{/usr/local/texlive/2022/texmf-dist/fonts/enc/dvips/tex-gyre/q-rm.enc}{/usr/local/texlive/2022/texmf-dist/fonts/enc/dvips/tex-gyre/q-ts1.enc}{/usr/local/texlive/2022/texmf-dist/fonts/enc/dvips/newtx/ntx-ot1-tlf.enc}{/usr/local/texlive/2022/texmf-dist/fonts/enc/dvips/newtx/ntxsups_ot1.enc}</usr/local/texlive/2022/texmf-dist/fonts/type1/public/newtx/NewTXMI.pfb></usr/local/texlive/2022/texmf-dist/fonts/type1/public/newtx/NewTXMI5.pfb></usr/local/texlive/2022/texmf-dist/fonts/type1/public/newtx/NewTXMI7.pfb></usr/local/texlive/2022/texmf-dist/fonts/type1/public/newtx/ntxsups-Regular.pfb></usr/local/texlive/2022/texmf-dist/fonts/type1/public/tex-gyre/qhvb.pfb></usr/local/texlive/2022/texmf-dist/fonts/type1/public/tex-gyre/qtmb.pfb></usr/local/texlive/2022/texmf-dist/fonts/type1/public/tex-gyre/qtmr.pfb></usr/local/texlive/2022/texmf-dist/fonts/type1/public/newtx/txexs.pfb></usr/local/texlive/2022/texmf-dist/fonts/type1/public/newtx/txmiaX.pfb></usr/local/texlive/2022/texmf-dist/fonts/type1/public/txfonts/txsya.pfb></usr/local/texlive/2022/texmf-dist/fonts/type1/public/newtx/txsys.pfb></usr/local/texlive/2022/texmf-dist/fonts/type1/public/txfonts/txtt.pfb></usr/local/texlive/2022/texmf-dist/fonts/type1/public/newtx/ztmb.pfb></usr/local/texlive/2022/texmf-dist/fonts/type1/public/newtx/ztmbi.pfb></usr/local/texlive/2022/texmf-dist/fonts/type1/public/newtx/ztmr.pfb></usr/local/texlive/2022/texmf-dist/fonts/type1/public/newtx/ztmri.pfb>
Output written on 00.book.pdf (37 pages, 277484 bytes).
PDF statistics:
 539 PDF objects out of 1000 (max. 8388607)
 462 compressed objects within 5 object streams
 128 named destinations out of 1000 (max. 500000)
 166 words of extra memory for PDF output out of 10000 (max. 10000000)

